1708022669018	geckodriver	INFO	Listening on 127.0.0.1:52595
1708022669045	mozrunner::runner	INFO	Running command: MOZ_CRASHREPORTER="1" MOZ_CRASHREPORTER_NO_REPORT="1" MOZ_CRASHREPORTER_SHUTDOWN="1" MOZ_NO_REMOTE="1" "/App ... s" "localhost" "-foreground" "-no-remote" "-profile" "/var/folders/xj/ryfqf_996gg4ztxq4sfr3t340000gn/T/rust_mozprofileDTyDwM"
console.warn: services.settings: Ignoring preference override of remote settings server
console.warn: services.settings: Allow by setting MOZ_REMOTE_SETTINGS_DEVTOOLS=1 in the environment
1708022669638	Marionette	INFO	Marionette enabled
console.error: "Warning: unrecognized command line flag" "-remote-allow-hosts"
1708022670128	Marionette	INFO	Listening on port 52607
WebDriver BiDi listening on ws://127.0.0.1:52596
Read port: 52607
2024-02-15 19:44:30.353 plugin-container[35891:481710] nil host used in call to allowsSpecificHTTPSCertificateForHost
2024-02-15 19:44:30.354 plugin-container[35891:481710] nil host used in call to allowsAnyHTTPSCertificateForHost:
2024-02-15 19:44:30.362 plugin-container[35891:481710] nil host used in call to allowsSpecificHTTPSCertificateForHost
2024-02-15 19:44:30.362 plugin-container[35891:481710] nil host used in call to allowsAnyHTTPSCertificateForHost:
2024-02-15 19:44:30.363 plugin-container[35891:481717] nil host used in call to allowsSpecificHTTPSCertificateForHost
2024-02-15 19:44:30.363 plugin-container[35891:481717] nil host used in call to allowsAnyHTTPSCertificateForHost:
1708022670727	RemoteAgent	WARN	TLS certificate errors will be ignored for this session
DevTools listening on ws://127.0.0.1:52596/devtools/browser/5d33e4bc-9981-40ba-9997-3b683498bb3a
2024-02-15 18:44:34.082 plugin-container[35902:482039] nil host used in call to allowsSpecificHTTPSCertificateForHost
2024-02-15 18:44:34.082 plugin-container[35902:482039] nil host used in call to allowsAnyHTTPSCertificateForHost:
2024-02-15 18:44:34.138 plugin-container[35902:482039] nil host used in call to allowsSpecificHTTPSCertificateForHost
2024-02-15 18:44:34.138 plugin-container[35902:482039] nil host used in call to allowsAnyHTTPSCertificateForHost:
2024-02-15 18:44:34.141 plugin-container[35902:482125] nil host used in call to allowsSpecificHTTPSCertificateForHost
2024-02-15 18:44:34.141 plugin-container[35902:482125] nil host used in call to allowsAnyHTTPSCertificateForHost:
console.warn: LoginRecipes: "Falling back to a synchronous message for: https://www.wikipedia.org."
1708022678305	Marionette	INFO	Stopped listening on port 52607
JavaScript warning: https://pl.wikipedia.org/w/load.php?lang=pl&modules=startup&only=scripts&raw=1&skin=vector-2022, line 4: Script terminated by timeout at:
addToHead@https://pl.wikipedia.org/w/load.php?lang=pl&modules=startup&only=scripts&raw=1&skin=vector-2022:4:48
newStyleTag@https://pl.wikipedia.org/w/load.php?lang=pl&modules=startup&only=scripts&raw=1&skin=vector-2022:4:179
flushCssBuffer@https://pl.wikipedia.org/w/load.php?lang=pl&modules=startup&only=scripts&raw=1&skin=vector-2022:4:300

